<?xml version="1.0" encoding="UTF-8"?>
<testsuite name="com.gildedrose.GildedRoseTest" tests="7" skipped="0" failures="0" errors="0" timestamp="2023-01-17T12:30:05" hostname="DESKTOP-N5LJMN9" time="0.03">
  <properties/>
  <testcase name="ITEM_qualityDecreasesFasterAfterSellInDateExpired()" classname="com.gildedrose.GildedRoseTest" time="0.022"/>
  <testcase name="AGEDBRIE_increasesInQuality()" classname="com.gildedrose.GildedRoseTest" time="0.001"/>
  <testcase name="ITEM_qualityDecreases()" classname="com.gildedrose.GildedRoseTest" time="0.001"/>
  <testcase name="ITEM_sellInDateDecreases_butQualityCannotBeNegative()" classname="com.gildedrose.GildedRoseTest" time="0.0"/>
  <testcase name="AGEDBRIE_notOver50()" classname="com.gildedrose.GildedRoseTest" time="0.001"/>
  <testcase name="foo()" classname="com.gildedrose.GildedRoseTest" time="0.0"/>
  <testcase name="Sulfuras_NOCHANGES()" classname="com.gildedrose.GildedRoseTest" time="0.001"/>
  <system-out><![CDATA[]]></system-out>
  <system-err><![CDATA[]]></system-err>
</testsuite>
